<?xml version="1.0" encoding="UTF-8"?>
<testng-results skipped="0" failed="0" total="1" passed="1">
  <reporter-output>
  </reporter-output>
  <suite name="Default suite" duration-ms="36414" started-at="2019-10-31T15:03:09Z" finished-at="2019-10-31T15:03:46Z">
    <groups>
      <group name="cucumber">
        <method signature="AbstractTestNGCucumberTests.feature(cucumber.api.testng.CucumberFeatureWrapper)[pri:0, instance:cucumberOptions.TestRunner@6537cf78]" name="feature" class="cucumber.api.testng.AbstractTestNGCucumberTests"/>
      </group> <!-- cucumber -->
    </groups>
    <test name="Default test" duration-ms="36414" started-at="2019-10-31T15:03:09Z" finished-at="2019-10-31T15:03:46Z">
      <class name="cucumberOptions.TestRunner">
        <test-method status="PASS" signature="setUpClass()[pri:0, instance:cucumberOptions.TestRunner@6537cf78]" name="setUpClass" is-config="true" duration-ms="499" started-at="2019-10-31T20:33:09Z" finished-at="2019-10-31T20:33:10Z">
          <reporter-output>
          </reporter-output>
        </test-method> <!-- setUpClass -->
        <test-method status="PASS" signature="feature(cucumber.api.testng.CucumberFeatureWrapper)[pri:0, instance:cucumberOptions.TestRunner@6537cf78]" name="feature" duration-ms="35770" started-at="2019-10-31T20:33:10Z" description="Runs Cucumber Feature" data-provider="features" finished-at="2019-10-31T20:33:46Z">
          <params>
            <param index="0">
              <value>
                <![CDATA[Navigate to Securepay then contact us page and populate the fields]]>
              </value>
            </param>
          </params>
          <reporter-output>
          </reporter-output>
        </test-method> <!-- feature -->
        <test-method status="PASS" signature="tearDownClass()[pri:0, instance:cucumberOptions.TestRunner@6537cf78]" name="tearDownClass" is-config="true" duration-ms="4" started-at="2019-10-31T20:33:46Z" finished-at="2019-10-31T20:33:46Z">
          <reporter-output>
          </reporter-output>
        </test-method> <!-- tearDownClass -->
      </class> <!-- cucumberOptions.TestRunner -->
    </test> <!-- Default test -->
  </suite> <!-- Default suite -->
</testng-results>
